Started GET "/" for ::1 at 2022-11-09 09:40:27 +0300
Processing by Rails::WelcomeController#index as HTML
  Rendering /home/liubava/.rvm/gems/ruby-3.1.2/gems/railties-7.0.4/lib/rails/templates/rails/welcome/index.html.erb
  Rendered /home/liubava/.rvm/gems/ruby-3.1.2/gems/railties-7.0.4/lib/rails/templates/rails/welcome/index.html.erb (Duration: 3.0ms | Allocations: 634)
Completed 200 OK in 24ms (Views: 9.7ms | ActiveRecord: 0.0ms | Allocations: 5125)


Started GET "/" for ::1 at 2022-11-09 09:42:29 +0300
Processing by ArticlesController#index as HTML
  Rendering layout layouts/application.html.erb
  Rendering articles/index.html.erb within layouts/application
  Rendered articles/index.html.erb within layouts/application (Duration: 0.6ms | Allocations: 229)
  Rendered layout layouts/application.html.erb (Duration: 348.6ms | Allocations: 102427)
Completed 200 OK in 352ms (Views: 350.4ms | Allocations: 103457)


Started GET "/form" for ::1 at 2022-11-09 09:42:31 +0300
  
ActionController::RoutingError (No route matches [GET] "/form"):
  
Started GET "/" for ::1 at 2022-11-09 09:42:42 +0300
Processing by ArticlesController#index as HTML
  Rendering layout layouts/application.html.erb
  Rendering articles/index.html.erb within layouts/application
  Rendered articles/index.html.erb within layouts/application (Duration: 0.2ms | Allocations: 45)
  Rendered layout layouts/application.html.erb (Duration: 6.2ms | Allocations: 3431)
Completed 200 OK in 8ms (Views: 7.0ms | Allocations: 3727)


Started GET "/" for ::1 at 2022-11-09 09:43:40 +0300
Processing by ArticlesController#index as HTML
  Rendering layout layouts/application.html.erb
  Rendering articles/index.html.erb within layouts/application
  Rendered articles/index.html.erb within layouts/application (Duration: 0.2ms | Allocations: 61)
  Rendered layout layouts/application.html.erb (Duration: 29.4ms | Allocations: 14925)
Completed 200 OK in 32ms (Views: 31.0ms | Allocations: 15556)


Started GET "/" for ::1 at 2022-11-09 09:43:41 +0300
Processing by ArticlesController#index as HTML
  Rendering layout layouts/application.html.erb
  Rendering articles/index.html.erb within layouts/application
  Rendered articles/index.html.erb within layouts/application (Duration: 0.2ms | Allocations: 27)
  Rendered layout layouts/application.html.erb (Duration: 9.2ms | Allocations: 3239)
Completed 200 OK in 11ms (Views: 10.2ms | Allocations: 3511)


Started GET "/form" for ::1 at 2022-11-09 09:43:43 +0300
Processing by FormsController#form as HTML
  Rendering layout layouts/application.html.erb
  Rendering forms/form.html.erb within layouts/application
  Rendered forms/form.html.erb within layouts/application (Duration: 39.9ms | Allocations: 2065)
  Rendered layout layouts/application.html.erb (Duration: 45.1ms | Allocations: 5561)
Completed 200 OK in 48ms (Views: 46.9ms | Allocations: 6319)


Started GET "/result?num=10000&commit=%D0%9D%D0%B0%D0%B9%D1%82%D0%B8+%D1%87%D0%B8%D1%81%D0%BB%D0%B0+%D0%9C%D0%B5%D1%80%D1%81%D0%B5%D0%BD%D0%B0+%D0%B4%D0%BE+n" for ::1 at 2022-11-09 09:43:47 +0300
Processing by FormsController#result as HTML
  Parameters: {"num"=>"10000", "commit"=>"Найти числа Мерсена до n"}
  Rendering layout layouts/application.html.erb
  Rendering forms/result.html.erb within layouts/application
  Rendered forms/result.html.erb within layouts/application (Duration: 5.2ms | Allocations: 2121)
  Rendered layout layouts/application.html.erb (Duration: 5.5ms | Allocations: 2202)
Completed 500 Internal Server Error in 65ms (Allocations: 41387)


  
ActionView::Template::Error (undefined method `size' for nil:NilClass

'.freeze;     unless @result.size.zero? 
                            ^^^^^):
    1: <main class = "result-main">
    2:     <h1>Числа Мерсенна в диапазоне [0, <%= @input%>]</h1>
    3: 
    4:     <% unless @result.size.zero? %>
    5:         <table class = "table-bordered">
    6:             <thead>
    7:                 <tr>
  
app/views/forms/result.html.erb:4
Started GET "/" for ::1 at 2022-11-09 09:44:11 +0300
Processing by ArticlesController#index as HTML
  Rendering layout layouts/application.html.erb
  Rendering articles/index.html.erb within layouts/application
  Rendered articles/index.html.erb within layouts/application (Duration: 1.3ms | Allocations: 202)
  Rendered layout layouts/application.html.erb (Duration: 10.8ms | Allocations: 3923)
Completed 200 OK in 16ms (Views: 14.5ms | Allocations: 4742)


Started GET "/" for ::1 at 2022-11-09 09:44:11 +0300
Processing by ArticlesController#index as HTML
  Rendering layout layouts/application.html.erb
  Rendering articles/index.html.erb within layouts/application
  Rendered articles/index.html.erb within layouts/application (Duration: 0.1ms | Allocations: 27)
  Rendered layout layouts/application.html.erb (Duration: 5.6ms | Allocations: 3224)
Completed 200 OK in 7ms (Views: 6.3ms | Allocations: 3495)


Started GET "/form" for ::1 at 2022-11-09 09:44:13 +0300
Processing by FormsController#form as HTML
  Rendering layout layouts/application.html.erb
  Rendering forms/form.html.erb within layouts/application
  Rendered forms/form.html.erb within layouts/application (Duration: 3.5ms | Allocations: 1508)
  Rendered layout layouts/application.html.erb (Duration: 12.8ms | Allocations: 4971)
Completed 200 OK in 17ms (Views: 15.7ms | Allocations: 5588)


Started GET "/result?num=10000&commit=%D0%9D%D0%B0%D0%B9%D1%82%D0%B8+%D1%87%D0%B8%D1%81%D0%BB%D0%B0+%D0%9C%D0%B5%D1%80%D1%81%D0%B5%D0%BD%D0%B0+%D0%B4%D0%BE+n" for ::1 at 2022-11-09 09:44:16 +0300
Processing by FormsController#result as HTML
  Parameters: {"num"=>"10000", "commit"=>"Найти числа Мерсена до n"}
  Rendering layout layouts/application.html.erb
  Rendering forms/result.html.erb within layouts/application
  Rendered forms/result.html.erb within layouts/application (Duration: 7.6ms | Allocations: 330)
  Rendered layout layouts/application.html.erb (Duration: 19.5ms | Allocations: 3528)
Completed 200 OK in 87ms (Views: 20.4ms | Allocations: 42665)


Started GET "/form" for ::1 at 2022-11-09 09:44:18 +0300
Processing by FormsController#form as HTML
  Rendering layout layouts/application.html.erb
  Rendering forms/form.html.erb within layouts/application
  Rendered forms/form.html.erb within layouts/application (Duration: 1.7ms | Allocations: 1202)
  Rendered layout layouts/application.html.erb (Duration: 10.1ms | Allocations: 4412)
Completed 200 OK in 12ms (Views: 11.0ms | Allocations: 4667)


Started GET "/form" for ::1 at 2022-11-09 17:04:16 +0300
Processing by FormsController#form as HTML
  Rendering layout layouts/application.html.erb
  Rendering forms/form.html.erb within layouts/application
  Rendered forms/form.html.erb within layouts/application (Duration: 5.3ms | Allocations: 2210)
  Rendered layout layouts/application.html.erb (Duration: 212.9ms | Allocations: 39455)
Completed 200 OK in 225ms (Views: 217.7ms | ActiveRecord: 0.0ms | Allocations: 42863)


Started GET "/form" for ::1 at 2022-11-09 17:04:17 +0300
Processing by FormsController#form as HTML
  Rendering layout layouts/application.html.erb
  Rendering forms/form.html.erb within layouts/application
  Rendered forms/form.html.erb within layouts/application (Duration: 3.1ms | Allocations: 1246)
  Rendered layout layouts/application.html.erb (Duration: 13.2ms | Allocations: 4454)
Completed 200 OK in 16ms (Views: 14.9ms | ActiveRecord: 0.0ms | Allocations: 4777)


Started GET "/" for ::1 at 2022-11-09 17:04:18 +0300
Processing by ArticlesController#index as HTML
  Rendering layout layouts/application.html.erb
  Rendering articles/index.html.erb within layouts/application
  Rendered articles/index.html.erb within layouts/application (Duration: 1.6ms | Allocations: 206)
  Rendered layout layouts/application.html.erb (Duration: 19.2ms | Allocations: 3664)
Completed 200 OK in 25ms (Views: 23.1ms | ActiveRecord: 0.0ms | Allocations: 4438)


Started GET "/form" for ::1 at 2022-11-09 17:04:35 +0300
Processing by FormsController#form as HTML
  Rendering layout layouts/application.html.erb
  Rendering forms/form.html.erb within layouts/application
  Rendered forms/form.html.erb within layouts/application (Duration: 3.6ms | Allocations: 1223)
  Rendered layout layouts/application.html.erb (Duration: 14.0ms | Allocations: 4373)
Completed 200 OK in 16ms (Views: 14.9ms | ActiveRecord: 0.0ms | Allocations: 4656)


Started GET "/" for ::1 at 2022-11-09 17:04:47 +0300
Processing by ArticlesController#index as HTML
  Rendering layout layouts/application.html.erb
  Rendering articles/index.html.erb within layouts/application
  Rendered articles/index.html.erb within layouts/application (Duration: 0.2ms | Allocations: 27)
  Rendered layout layouts/application.html.erb (Duration: 13.4ms | Allocations: 3176)
Completed 200 OK in 16ms (Views: 15.5ms | ActiveRecord: 0.0ms | Allocations: 3434)


Started GET "/form" for ::1 at 2022-11-09 17:04:48 +0300
Processing by FormsController#form as HTML
  Rendering layout layouts/application.html.erb
  Rendering forms/form.html.erb within layouts/application
  Rendered forms/form.html.erb within layouts/application (Duration: 2.6ms | Allocations: 1202)
  Rendered layout layouts/application.html.erb (Duration: 13.9ms | Allocations: 4370)
Completed 200 OK in 17ms (Views: 15.2ms | ActiveRecord: 0.0ms | Allocations: 4632)


Started GET "/result?num=&commit=%D0%9D%D0%B0%D0%B9%D1%82%D0%B8+%D1%87%D0%B8%D1%81%D0%BB%D0%B0+%D0%9C%D0%B5%D1%80%D1%81%D0%B5%D0%BD%D0%B0+%D0%B4%D0%BE+n" for ::1 at 2022-11-09 17:04:51 +0300
Processing by FormsController#result as HTML
  Parameters: {"num"=>"", "commit"=>"Найти числа Мерсена до n"}
  Rendering layout layouts/application.html.erb
  Rendering forms/result.html.erb within layouts/application
  Rendered forms/result.html.erb within layouts/application (Duration: 1.9ms | Allocations: 326)
  Rendered layout layouts/application.html.erb (Duration: 11.2ms | Allocations: 3470)
Completed 200 OK in 14ms (Views: 12.3ms | ActiveRecord: 0.0ms | Allocations: 3824)


Started GET "/result?num=6&commit=%D0%9D%D0%B0%D0%B9%D1%82%D0%B8+%D1%87%D0%B8%D1%81%D0%BB%D0%B0+%D0%9C%D0%B5%D1%80%D1%81%D0%B5%D0%BD%D0%B0+%D0%B4%D0%BE+n" for ::1 at 2022-11-09 17:05:17 +0300
Processing by FormsController#result as HTML
  Parameters: {"num"=>"6", "commit"=>"Найти числа Мерсена до n"}
  Rendering layout layouts/application.html.erb
  Rendering forms/result.html.erb within layouts/application
  Rendered forms/result.html.erb within layouts/application (Duration: 0.2ms | Allocations: 36)
  Rendered layout layouts/application.html.erb (Duration: 9.0ms | Allocations: 3198)
Completed 200 OK in 11ms (Views: 9.9ms | ActiveRecord: 0.0ms | Allocations: 3494)


Started GET "/result?num=1000&commit=%D0%9D%D0%B0%D0%B9%D1%82%D0%B8+%D1%87%D0%B8%D1%81%D0%BB%D0%B0+%D0%9C%D0%B5%D1%80%D1%81%D0%B5%D0%BD%D0%B0+%D0%B4%D0%BE+n" for ::1 at 2022-11-09 17:05:42 +0300
Processing by FormsController#result as HTML
  Parameters: {"num"=>"1000", "commit"=>"Найти числа Мерсена до n"}
  Rendering layout layouts/application.html.erb
  Rendering forms/result.html.erb within layouts/application
  Rendered forms/result.html.erb within layouts/application (Duration: 0.8ms | Allocations: 48)
  Rendered layout layouts/application.html.erb (Duration: 9.4ms | Allocations: 3189)
Completed 200 OK in 16ms (Views: 10.2ms | ActiveRecord: 0.0ms | Allocations: 7295)


Started GET "/" for ::1 at 2022-11-09 17:19:10 +0300
Processing by ArticlesController#index as HTML
  Rendering layout layouts/application.html.erb
  Rendering articles/index.html.erb within layouts/application
  Rendered articles/index.html.erb within layouts/application (Duration: 2.1ms | Allocations: 449)
  Rendered layout layouts/application.html.erb (Duration: 235.5ms | Allocations: 37643)
Completed 200 OK in 250ms (Views: 239.7ms | ActiveRecord: 0.0ms | Allocations: 41052)


Started GET "/form" for ::1 at 2022-11-09 17:19:13 +0300
Processing by FormsController#form as HTML
  Rendering layout layouts/application.html.erb
  Rendering forms/form.html.erb within layouts/application
  Rendered forms/form.html.erb within layouts/application (Duration: 7.4ms | Allocations: 1970)
  Rendered layout layouts/application.html.erb (Duration: 23.5ms | Allocations: 5386)
Completed 200 OK in 28ms (Views: 26.6ms | ActiveRecord: 0.0ms | Allocations: 6165)


Started GET "/result?num=&commit=%D0%9D%D0%B0%D0%B9%D1%82%D0%B8+%D1%87%D0%B8%D1%81%D0%BB%D0%B0+%D0%9C%D0%B5%D1%80%D1%81%D0%B5%D0%BD%D0%B0+%D0%B4%D0%BE+n" for ::1 at 2022-11-09 17:19:19 +0300
Processing by FormsController#result as HTML
  Parameters: {"num"=>"", "commit"=>"Найти числа Мерсена до n"}
  Rendering layout layouts/application.html.erb
  Rendering forms/result.html.erb within layouts/application
  Rendered forms/result.html.erb within layouts/application (Duration: 1.9ms | Allocations: 358)
  Rendered layout layouts/application.html.erb (Duration: 12.3ms | Allocations: 3492)
Completed 200 OK in 18ms (Views: 16.6ms | ActiveRecord: 0.0ms | Allocations: 3897)


Started GET "/result?num=10000&commit=%D0%9D%D0%B0%D0%B9%D1%82%D0%B8+%D1%87%D0%B8%D1%81%D0%BB%D0%B0+%D0%9C%D0%B5%D1%80%D1%81%D0%B5%D0%BD%D0%B0+%D0%B4%D0%BE+n" for ::1 at 2022-11-09 17:19:24 +0300
Processing by FormsController#result as HTML
  Parameters: {"num"=>"10000", "commit"=>"Найти числа Мерсена до n"}
  Rendering layout layouts/application.html.erb
  Rendering forms/result.html.erb within layouts/application
  Rendered forms/result.html.erb within layouts/application (Duration: 0.2ms | Allocations: 52)
  Rendered layout layouts/application.html.erb (Duration: 9.4ms | Allocations: 3192)
Completed 200 OK in 96ms (Views: 10.6ms | ActiveRecord: 0.0ms | Allocations: 42257)


Started GET "/form" for ::1 at 2022-11-09 17:19:34 +0300
Processing by FormsController#form as HTML
  Rendering layout layouts/application.html.erb
  Rendering forms/form.html.erb within layouts/application
  Rendered forms/form.html.erb within layouts/application (Duration: 1.7ms | Allocations: 1210)
  Rendered layout layouts/application.html.erb (Duration: 10.7ms | Allocations: 4366)
Completed 200 OK in 12ms (Views: 11.7ms | ActiveRecord: 0.0ms | Allocations: 4629)


Started GET "/form?1000" for ::1 at 2022-11-09 17:19:39 +0300
Processing by FormsController#form as HTML
  Parameters: {"1000"=>nil}
  Rendering layout layouts/application.html.erb
  Rendering forms/form.html.erb within layouts/application
  Rendered forms/form.html.erb within layouts/application (Duration: 2.1ms | Allocations: 1202)
  Rendered layout layouts/application.html.erb (Duration: 10.6ms | Allocations: 4348)
Completed 200 OK in 13ms (Views: 11.8ms | ActiveRecord: 0.0ms | Allocations: 4604)


Started GET "/form?1000" for ::1 at 2022-11-09 17:19:41 +0300
Processing by FormsController#form as HTML
  Parameters: {"1000"=>nil}
  Rendering layout layouts/application.html.erb
  Rendering forms/form.html.erb within layouts/application
  Rendered forms/form.html.erb within layouts/application (Duration: 1.6ms | Allocations: 1202)
  Rendered layout layouts/application.html.erb (Duration: 8.4ms | Allocations: 4351)
Completed 200 OK in 10ms (Views: 9.5ms | ActiveRecord: 0.0ms | Allocations: 4607)


Started GET "/result?num=&commit=%D0%9D%D0%B0%D0%B9%D1%82%D0%B8+%D1%87%D0%B8%D1%81%D0%BB%D0%B0+%D0%9C%D0%B5%D1%80%D1%81%D0%B5%D0%BD%D0%B0+%D0%B4%D0%BE+n" for ::1 at 2022-11-09 17:19:45 +0300
Processing by FormsController#result as HTML
  Parameters: {"num"=>"", "commit"=>"Найти числа Мерсена до n"}
  Rendering layout layouts/application.html.erb
  Rendering forms/result.html.erb within layouts/application
  Rendered forms/result.html.erb within layouts/application (Duration: 0.2ms | Allocations: 34)
  Rendered layout layouts/application.html.erb (Duration: 7.3ms | Allocations: 3163)
Completed 200 OK in 9ms (Views: 8.4ms | ActiveRecord: 0.0ms | Allocations: 3439)


Started GET "/form" for ::1 at 2022-11-09 17:19:53 +0300
Processing by FormsController#form as HTML
  Rendering layout layouts/application.html.erb
  Rendering forms/form.html.erb within layouts/application
  Rendered forms/form.html.erb within layouts/application (Duration: 1.6ms | Allocations: 1201)
  Rendered layout layouts/application.html.erb (Duration: 9.0ms | Allocations: 4356)
Completed 200 OK in 11ms (Views: 10.4ms | ActiveRecord: 0.0ms | Allocations: 4614)


Started GET "/form?num=1000" for ::1 at 2022-11-09 17:19:59 +0300
Processing by FormsController#form as HTML
  Parameters: {"num"=>"1000"}
  Rendering layout layouts/application.html.erb
  Rendering forms/form.html.erb within layouts/application
  Rendered forms/form.html.erb within layouts/application (Duration: 1.9ms | Allocations: 1201)
  Rendered layout layouts/application.html.erb (Duration: 10.0ms | Allocations: 4359)
Completed 200 OK in 14ms (Views: 13.1ms | ActiveRecord: 0.0ms | Allocations: 4615)


Started GET "/result?num=2&commit=%D0%9D%D0%B0%D0%B9%D1%82%D0%B8+%D1%87%D0%B8%D1%81%D0%BB%D0%B0+%D0%9C%D0%B5%D1%80%D1%81%D0%B5%D0%BD%D0%B0+%D0%B4%D0%BE+n" for ::1 at 2022-11-09 17:20:14 +0300
Processing by FormsController#result as HTML
  Parameters: {"num"=>"2", "commit"=>"Найти числа Мерсена до n"}
  Rendering layout layouts/application.html.erb
  Rendering forms/result.html.erb within layouts/application
  Rendered forms/result.html.erb within layouts/application (Duration: 0.2ms | Allocations: 33)
  Rendered layout layouts/application.html.erb (Duration: 7.7ms | Allocations: 3171)
Completed 200 OK in 10ms (Views: 9.1ms | ActiveRecord: 0.0ms | Allocations: 3447)


Started GET "/result?num=10000&commit=%D0%9D%D0%B0%D0%B9%D1%82%D0%B8+%D1%87%D0%B8%D1%81%D0%BB%D0%B0+%D0%9C%D0%B5%D1%80%D1%81%D0%B5%D0%BD%D0%B0+%D0%B4%D0%BE+n" for ::1 at 2022-11-09 17:20:19 +0300
Processing by FormsController#result as HTML
  Parameters: {"num"=>"10000", "commit"=>"Найти числа Мерсена до n"}
  Rendering layout layouts/application.html.erb
  Rendering forms/result.html.erb within layouts/application
  Rendered forms/result.html.erb within layouts/application (Duration: 0.2ms | Allocations: 52)
  Rendered layout layouts/application.html.erb (Duration: 7.7ms | Allocations: 3226)
Completed 200 OK in 103ms (Views: 8.8ms | ActiveRecord: 0.0ms | Allocations: 42275)


Started GET "/" for ::1 at 2022-11-09 17:32:05 +0300
Processing by ArticlesController#index as HTML
  Rendering layout layouts/application.html.erb
  Rendering articles/index.html.erb within layouts/application
  Rendered articles/index.html.erb within layouts/application (Duration: 3.2ms | Allocations: 449)
  Rendered layout layouts/application.html.erb (Duration: 188.5ms | Allocations: 37483)
Completed 200 OK in 200ms (Views: 192.4ms | ActiveRecord: 0.0ms | Allocations: 40892)


Started GET "/form" for ::1 at 2022-11-09 17:32:07 +0300
Processing by FormsController#form as HTML
  Rendering layout layouts/application.html.erb
  Rendering forms/form.html.erb within layouts/application
  Rendered forms/form.html.erb within layouts/application (Duration: 6.7ms | Allocations: 1970)
  Rendered layout layouts/application.html.erb (Duration: 19.3ms | Allocations: 5404)
Completed 200 OK in 26ms (Views: 24.7ms | ActiveRecord: 0.0ms | Allocations: 6184)


Started GET "/result?num=&commit=%D0%9D%D0%B0%D0%B9%D1%82%D0%B8+%D1%87%D0%B8%D1%81%D0%BB%D0%B0+%D0%9C%D0%B5%D1%80%D1%81%D0%B5%D0%BD%D0%B0+%D0%B4%D0%BE+n" for ::1 at 2022-11-09 17:32:08 +0300
Processing by FormsController#result as HTML
  Parameters: {"num"=>"", "commit"=>"Найти числа Мерсена до n"}
  Rendering layout layouts/application.html.erb
  Rendering forms/result.html.erb within layouts/application
  Rendered forms/result.html.erb within layouts/application (Duration: 1.5ms | Allocations: 361)
  Rendered layout layouts/application.html.erb (Duration: 8.8ms | Allocations: 3511)
Completed 200 OK in 11ms (Views: 9.8ms | ActiveRecord: 0.0ms | Allocations: 3916)


Started GET "/result?num=5" for ::1 at 2022-11-09 17:33:23 +0300
Processing by FormsController#result as HTML
  Parameters: {"num"=>"5"}
  Rendering layout layouts/application.html.erb
  Rendering forms/result.html.erb within layouts/application
  Rendered forms/result.html.erb within layouts/application (Duration: 2.6ms | Allocations: 634)
  Rendered layout layouts/application.html.erb (Duration: 221.9ms | Allocations: 37645)
Completed 200 OK in 237ms (Views: 227.1ms | ActiveRecord: 0.0ms | Allocations: 41113)


Started GET "/result?num=10000&commit=%D0%9D%D0%B0%D0%B9%D1%82%D0%B8+%D1%87%D0%B8%D1%81%D0%BB%D0%B0+%D0%9C%D0%B5%D1%80%D1%81%D0%B5%D0%BD%D0%B0+%D0%B4%D0%BE+n" for ::1 at 2022-11-09 17:33:29 +0300
Processing by FormsController#result as HTML
  Parameters: {"num"=>"10000", "commit"=>"Найти числа Мерсена до n"}
  Rendering layout layouts/application.html.erb
  Rendering forms/result.html.erb within layouts/application
  Rendered forms/result.html.erb within layouts/application (Duration: 0.3ms | Allocations: 74)
  Rendered layout layouts/application.html.erb (Duration: 8.7ms | Allocations: 3387)
Completed 200 OK in 87ms (Views: 9.9ms | ActiveRecord: 0.0ms | Allocations: 42510)


Started GET "/result?num=10000" for ::1 at 2022-11-09 17:33:33 +0300
Processing by FormsController#result as HTML
  Parameters: {"num"=>"10000"}
  Rendering layout layouts/application.html.erb
  Rendering forms/result.html.erb within layouts/application
  Rendered forms/result.html.erb within layouts/application (Duration: 0.2ms | Allocations: 52)
  Rendered layout layouts/application.html.erb (Duration: 8.9ms | Allocations: 3197)
Completed 200 OK in 87ms (Views: 10.0ms | ActiveRecord: 0.0ms | Allocations: 42248)


Started GET "/" for ::1 at 2022-11-09 17:58:12 +0300
Processing by ArticlesController#index as HTML
  Rendering layout layouts/application.html.erb
  Rendering articles/index.html.erb within layouts/application
  Rendered articles/index.html.erb within layouts/application (Duration: 1.2ms | Allocations: 449)
  Rendered layout layouts/application.html.erb (Duration: 177.4ms | Allocations: 37904)
Completed 200 OK in 189ms (Views: 180.8ms | ActiveRecord: 0.0ms | Allocations: 41313)


Started GET "/form" for ::1 at 2022-11-09 17:58:14 +0300
Processing by FormsController#form as HTML
  Rendering layout layouts/application.html.erb
  Rendering forms/form.html.erb within layouts/application
  Rendered forms/form.html.erb within layouts/application (Duration: 4.7ms | Allocations: 1973)
  Rendered layout layouts/application.html.erb (Duration: 11.0ms | Allocations: 5408)
Completed 200 OK in 14ms (Views: 13.1ms | ActiveRecord: 0.0ms | Allocations: 6188)


Started GET "/result?num=10000&commit=%D0%9D%D0%B0%D0%B9%D1%82%D0%B8+%D1%87%D0%B8%D1%81%D0%BB%D0%B0+%D0%9C%D0%B5%D1%80%D1%81%D0%B5%D0%BD%D0%B0+%D0%B4%D0%BE+n" for ::1 at 2022-11-09 17:58:17 +0300
Processing by FormsController#result as HTML
  Parameters: {"num"=>"10000", "commit"=>"Найти числа Мерсена до n"}
  Rendering layout layouts/application.html.erb
  Rendering forms/result.html.erb within layouts/application
  Rendered forms/result.html.erb within layouts/application (Duration: 1.9ms | Allocations: 377)
  Rendered layout layouts/application.html.erb (Duration: 6.8ms | Allocations: 3524)
Completed 200 OK in 75ms (Views: 7.6ms | ActiveRecord: 0.0ms | Allocations: 42716)


Started GET "/form" for ::1 at 2022-11-09 17:58:19 +0300
Processing by FormsController#form as HTML
  Rendering layout layouts/application.html.erb
  Rendering forms/form.html.erb within layouts/application
  Rendered forms/form.html.erb within layouts/application (Duration: 2.2ms | Allocations: 1210)
  Rendered layout layouts/application.html.erb (Duration: 10.4ms | Allocations: 4384)
Completed 200 OK in 12ms (Views: 11.5ms | ActiveRecord: 0.0ms | Allocations: 4646)


Started GET "/" for ::1 at 2022-11-09 18:04:36 +0300
Processing by ArticlesController#index as HTML
  Rendering layout layouts/application.html.erb
  Rendering articles/index.html.erb within layouts/application
  Rendered articles/index.html.erb within layouts/application (Duration: 1.6ms | Allocations: 449)
  Rendered layout layouts/application.html.erb (Duration: 183.2ms | Allocations: 37824)
Completed 200 OK in 194ms (Views: 187.0ms | ActiveRecord: 0.0ms | Allocations: 41233)


Started GET "/form" for ::1 at 2022-11-09 18:04:42 +0300
Processing by FormsController#form as HTML
  Rendering layout layouts/application.html.erb
  Rendering forms/form.html.erb within layouts/application
  Rendered forms/form.html.erb within layouts/application (Duration: 5.5ms | Allocations: 1973)
  Rendered layout layouts/application.html.erb (Duration: 16.0ms | Allocations: 5427)
Completed 200 OK in 20ms (Views: 18.8ms | ActiveRecord: 0.0ms | Allocations: 6204)


Started GET "/form" for ::1 at 2022-11-09 18:04:45 +0300
Processing by FormsController#form as HTML
  Rendering layout layouts/application.html.erb
  Rendering forms/form.html.erb within layouts/application
  Rendered forms/form.html.erb within layouts/application (Duration: 1.4ms | Allocations: 1210)
  Rendered layout layouts/application.html.erb (Duration: 9.9ms | Allocations: 4379)
Completed 200 OK in 12ms (Views: 11.4ms | ActiveRecord: 0.0ms | Allocations: 4682)


Started GET "/result?num=&commit=%D0%9D%D0%B0%D0%B9%D1%82%D0%B8+%D1%87%D0%B8%D1%81%D0%BB%D0%B0+%D0%9C%D0%B5%D1%80%D1%81%D0%B5%D0%BD%D0%B0+%D0%B4%D0%BE+n" for ::1 at 2022-11-09 18:04:46 +0300
Processing by FormsController#result as HTML
  Parameters: {"num"=>"", "commit"=>"Найти числа Мерсена до n"}
  Rendering layout layouts/application.html.erb
  Rendering forms/result.html.erb within layouts/application
  Rendered forms/result.html.erb within layouts/application (Duration: 1.5ms | Allocations: 359)
  Rendered layout layouts/application.html.erb (Duration: 8.0ms | Allocations: 3507)
Completed 200 OK in 10ms (Views: 8.9ms | ActiveRecord: 0.0ms | Allocations: 3871)


Started GET "/form" for ::1 at 2022-11-09 18:04:48 +0300
Processing by FormsController#form as HTML
  Rendering layout layouts/application.html.erb
  Rendering forms/form.html.erb within layouts/application
  Rendered forms/form.html.erb within layouts/application (Duration: 2.3ms | Allocations: 1202)
  Rendered layout layouts/application.html.erb (Duration: 11.6ms | Allocations: 4360)
Completed 200 OK in 14ms (Views: 12.8ms | ActiveRecord: 0.0ms | Allocations: 4618)


Started GET "/result?num=1000&commit=%D0%9D%D0%B0%D0%B9%D1%82%D0%B8+%D1%87%D0%B8%D1%81%D0%BB%D0%B0+%D0%9C%D0%B5%D1%80%D1%81%D0%B5%D0%BD%D0%B0+%D0%B4%D0%BE+n" for ::1 at 2022-11-09 18:04:50 +0300
Processing by FormsController#result as HTML
  Parameters: {"num"=>"1000", "commit"=>"Найти числа Мерсена до n"}
  Rendering layout layouts/application.html.erb
  Rendering forms/result.html.erb within layouts/application
  Rendered forms/result.html.erb within layouts/application (Duration: 0.2ms | Allocations: 48)
  Rendered layout layouts/application.html.erb (Duration: 8.0ms | Allocations: 3199)
Completed 200 OK in 15ms (Views: 9.0ms | ActiveRecord: 0.0ms | Allocations: 7323)


Started GET "/" for ::1 at 2022-11-09 18:04:52 +0300
Processing by ArticlesController#index as HTML
  Rendering layout layouts/application.html.erb
  Rendering articles/index.html.erb within layouts/application
  Rendered articles/index.html.erb within layouts/application (Duration: 0.3ms | Allocations: 27)
  Rendered layout layouts/application.html.erb (Duration: 8.7ms | Allocations: 3191)
Completed 200 OK in 12ms (Views: 10.8ms | ActiveRecord: 0.0ms | Allocations: 3450)


